[2023-03-05 17:01:55.527] [DISPLAY] [Main ] [sysinfo] OS Version: Major: 10 Minor: 0 Build: 22000 Service Pack: 
[2023-03-05 17:01:55.538] [DISPLAY] [Main ] [sysinfo] DX Version from SystemInfo: 
[2023-03-05 17:01:55.538] [DISPLAY] [Main ] [sysinfo] DX Version from SystemInfo: 
[2023-03-05 17:01:55.539] [DISPLAY] [Main ] [main] Working directory: C:\Program Files\Rockstar Games\Launcher
[2023-03-05 17:01:55.553] [DISPLAY] [Main ] [minmode] Running in Steam mode
[2023-03-05 17:01:55.553] [DISPLAY] [Main ] [minmode] Steam App Id: 271590
[2023-03-05 17:01:55.553] [DISPLAY] [Main ] [minmode] Title Id: gta5
[2023-03-05 17:01:55.553] [DISPLAY] [Main ] [minmode] Location: C:\Program Files (x86)\Steam\steamapps\common\Grand Theft Auto V
[2023-03-05 17:01:55.554] [DISPLAY] [Main ] [launcher] Opening log file.
[2023-03-05 17:01:55.556] [DISPLAY] [Main ] [main] Command line: "C:\Program Files\Rockstar Games\Launcher\Launcher.exe" -skipPatcherCheck -steamAppId=271590 @args.txt
[2023-03-05 17:01:55.556] [DISPLAY] [Main ] [main] Build type: FMB
[2023-03-05 17:01:55.556] [DISPLAY] [Main ] [main] Version: 1.0.70.1389
[2023-03-05 17:01:55.556] [DISPLAY] [Main ] [main] Parameters:
[2023-03-05 17:01:55.556] [DISPLAY] [Main ] [main]     C:\Program Files\Rockstar Games\Launcher\Launcher.exe
[2023-03-05 17:01:55.556] [DISPLAY] [Main ] [main]     -skipPatcherCheck
[2023-03-05 17:01:55.556] [DISPLAY] [Main ] [main]     -steamAppId=271590
[2023-03-05 17:01:55.556] [DISPLAY] [Main ] [main]     @args.txt
[2023-03-05 17:01:55.577] [DISPLAY] [Main ] [titlemanager] Installed titles:
[2023-03-05 17:01:55.577] [DISPLAY] [Main ] [titlemanager]  Title                             Progress               Version              Location                                                    
[2023-03-05 17:01:55.586] [DISPLAY] [Main ] [svc] Service version: 1.0.70.1389 (1.0.70.1389)
[2023-03-05 17:01:55.699] [DISPLAY] [Main ] [fileutils] Version: 2.1.6.7 | 1.0.70.1389 | FFP
[2023-03-05 17:01:55.720] [DISPLAY] [Workr] [selfupdate] Up-to-date.
[2023-03-05 17:01:55.827] [DISPLAY] [Main ] [systemtray] System tray: enabled
[2023-03-05 17:01:55.962] [DISPLAY] [bgsvc] [svc] Received response from service.
[2023-03-05 17:01:55.987] [DISPLAY] [Workr] [idownloader] Starting download of 'https://gamedownloads-rockstargames-com.akamaized.net/public/launcher_online_config.xml'
[2023-03-05 17:01:56.340] [DISPLAY] [Workr] [idownloader] Completed download of 'https://gamedownloads-rockstargames-com.akamaized.net/public/launcher_online_config.xml' (status: 0/200)
[2023-03-05 17:01:56.340] [DISPLAY] [Workr] [titlemanager] Downloading title list...
[2023-03-05 17:01:56.340] [DISPLAY] [Workr] [titlemanager] Skipping title metadata download as it is available and less old (29 minutes) than the refresh delay (60 minutes).
[2023-03-05 17:01:56.340] [DISPLAY] [Workr] [titlemanager] Downloading default title list (SCS)...
[2023-03-05 17:01:56.340] [DISPLAY] [Workr] [idownloader] Starting download of 'https://rgl-prod.ros.rockstargames.com/launcher/11/LauncherServices/App.asmx/GetDefaultApps?accessToken='
[2023-03-05 17:01:58.197] [DISPLAY] [Workr] [idownloader] Completed download of 'https://rgl-prod.ros.rockstargames.com/launcher/11/LauncherServices/App.asmx/GetDefaultApps?accessToken=' (status: 0/200)
[2023-03-05 17:01:58.197] [DISPLAY] [Workr] [titlemanager] Title list updated.
[2023-03-05 17:01:58.198] [DISPLAY] [Workr] [launcher] Checking for self-update...
[2023-03-05 17:01:58.205] [DISPLAY] [Workr] [statuschecker] Title Rockstar Games Launcher: No update
[2023-03-05 17:01:58.211] [DISPLAY] [Workr] [launcher] No self-update, continuing.
[2023-03-05 17:01:58.211] [DISPLAY] [Workr] [launcher] Checking for prerequisite updates...
[2023-03-05 17:01:58.213] [DISPLAY] [Workr] [preqmanager] The Social Club version available matches that currently installed (both: 2.1.6.7)
[2023-03-05 17:01:58.213] [DISPLAY] [Workr] [titleupdater] No prerequisites to install.
[2023-03-05 17:02:00.424] [DISPLAY] [Main ] [launcher] Social Club UI has started.
[2023-03-05 17:02:00.425] [DISPLAY] [Main ] [external] Notifying Social Club UI about external launch...
[2023-03-05 17:02:00.425] [DISPLAY] [Admin] [external] Setting up Steam title...
[2023-03-05 17:02:00.426] [DISPLAY] [Admin] [titlemanager] Skipping title metadata download as it is available and less old (29 minutes) than the refresh delay (60 minutes).
[2023-03-05 17:02:00.426] [DISPLAY] [Admin] [external] Ready to attempt a launch.
[2023-03-05 17:02:04.580] [DISPLAY] [Main ] [launcher] Presence Event - Signed In
[2023-03-05 17:02:04.580] [DISPLAY] [Main ] [launcher] User 'HABIBULL4H' is now signed in
[2023-03-05 17:02:04.606] [DISPLAY] [Main ] [launcher] Presence Event :: Went Online
[2023-03-05 17:02:04.606] [DISPLAY] [Main ] [external] Preparing to update/launch...
[2023-03-05 17:02:04.607] [DISPLAY] [Admin] [titlemanager] Downloading title list...
[2023-03-05 17:02:04.607] [DISPLAY] [Admin] [titlemanager] Skipping title metadata download as it is available and less old (29 minutes) than the refresh delay (60 minutes).
[2023-03-05 17:02:04.607] [DISPLAY] [Admin] [titlemanager] Downloading title list (SCS)...
[2023-03-05 17:02:04.607] [DISPLAY] [Main ] [launcher] Time to start up: 9122 ms
[2023-03-05 17:02:04.615] [DISPLAY] [Main ] [ui_mainwindow] Using DPI 192,192
[2023-03-05 17:02:04.615] [DISPLAY] [Main ] [ui_mainwindow] Using UI Scale: 2.00
[2023-03-05 17:02:04.616] [DISPLAY] [Main ] [ui_mainwindow] Using saved geometry: 215,382 (2560 x 1200)
[2023-03-05 17:02:04.638] [DISPLAY] [Main ] [systemtray] System tray: enabled
[2023-03-05 17:02:04.654] [DISPLAY] [Main ] [scuicallbacks] Enabling Downloading
[2023-03-05 17:02:04.741] [DISPLAY] [Main ] [launcher] Friend Event - Friends are Available
[2023-03-05 17:02:05.114] [DISPLAY] [Main ] [scuicallbacks] Setting updated
[2023-03-05 17:02:05.114] [DISPLAY] [Main ] [scuicallbacks] Launch requested
[2023-03-05 17:02:05.114] [DISPLAY] [Main ] [scuicallbacks] Launch requested by user: gta5, 
[2023-03-05 17:02:05.114] [DISPLAY] [Main ] [external] Attempting external title launch...
[2023-03-05 17:02:07.074] [DISPLAY] [Admin] [titlemanager] Title list updated.
[2023-03-05 17:02:07.077] [DISPLAY] [Admin] [external] Ready to attempt a launch.
[2023-03-05 17:02:07.077] [DISPLAY] [Admin] [external] Attempting Steam launch. User is 'ibnumalikalbustomi'
[2023-03-05 17:02:12.463] [DISPLAY] [10772] [gamelaunch] RGL is up to date (current: 1.0.70.1389, minimum: 1.0.33.319)
[2023-03-05 17:02:12.463] [DISPLAY] [10772] [gamelaunch] Grand Theft Auto V is up to date (current: 1.0.2845.0, minimum: 1.0.2060.0)
[2023-03-05 17:02:16.419] [DISPLAY] [Main ] [cloudsaveop] Cloud Save sync requested for title 'gta5'
[2023-03-05 17:02:16.436] [DISPLAY] [Main ] [cloudsaveop] Starting cloud save enabled check for title 'gta5'
[2023-03-05 17:02:16.439] [DISPLAY] [Main ] [cloudsaveop] Received cloud saves enabled state for title 'gta5' = enabled
[2023-03-05 17:02:16.439] [DISPLAY] [Main ] [cloudsaveop] Identifying potential cloud save conflicts for title 'gta5'
[2023-03-05 17:02:18.118] [DISPLAY] [Main ] [cloudsaveop] Received modification list of cloud save files for title 'gta5'
[2023-03-05 17:02:18.118] [DISPLAY] [Main ] [cloudsaveop] Retrieving conflict metadata for title 'gta5'
[2023-03-05 17:02:18.135] [DISPLAY] [Main ] [cloudsaveop] Downloaded conflict metadata for title 'gta5'
[2023-03-05 17:02:18.135] [DISPLAY] [Main ] [cloudsaveop] Posting updated files for title 'gta5'
[2023-03-05 17:02:18.152] [DISPLAY] [Main ] [cloudsaveop] File uploading completed for title 'gta5'
[2023-03-05 17:02:18.152] [DISPLAY] [Main ] [cloudsaveop] Getting update files for title 'gta5'
[2023-03-05 17:02:18.169] [DISPLAY] [Main ] [cloudsaveop] File downloading completed for title 'gta5'
[2023-03-05 17:02:18.169] [DISPLAY] [Main ] [cloudsaveop] Deleting updated files for title 'gta5'
[2023-03-05 17:02:18.186] [DISPLAY] [Main ] [cloudsaveop] Files deletion completed for title 'gta5'
[2023-03-05 17:02:18.186] [DISPLAY] [Main ] [cloudsaveop] Swapping updated files in place for title 'gta5'
[2023-03-05 17:02:18.204] [DISPLAY] [Main ] [cloudsaveop] Finished syncing cloud saves for title 'gta5'
[2023-03-05 17:02:19.017] [DISPLAY] [net2 ] [audio] Valid Audio Device: true
[2023-03-05 17:02:21.641] [DISPLAY] [10772] [gamelaunch] Launching game...
[2023-03-05 17:02:21.641] [DISPLAY] [10772] [gamelaunch]  Path: C:\Program Files (x86)\Steam\steamapps\common\Grand Theft Auto V\GTA5.exe
[2023-03-05 17:02:21.641] [DISPLAY] [10772] [gamelaunch]  Command Line: "C:\Program Files (x86)\Steam\steamapps\common\Grand Theft Auto V\GTA5.exe" -skipPatcherCheck @args.txt @commandline.txt -enableCrashpad -useSteam -steamAppId=271590 -scCommerceProvider=4 -scUseFQDNAvatars
[2023-03-05 17:02:21.641] [DISPLAY] [10772] [gamelaunch]  Working Directory: C:\Program Files (x86)\Steam\steamapps\common\Grand Theft Auto V
[2023-03-05 17:05:12.271] [DISPLAY] [Main ] [gamelaunch] Game restart requested for 'gta5'
[2023-03-05 17:05:13.673] [DISPLAY] [10772] [gamelaunch] Game exited with code 0x0 (0)
[2023-03-05 17:05:13.673] [DISPLAY] [10772] [crashdetection] Game left no exit file.
[2023-03-05 17:05:13.673] [DISPLAY] [10772] [crashdetection] Exit code 0x0 indicates a clean game shutdown
[2023-03-05 17:05:15.621] [DISPLAY] [10772] [gamelaunch] RGL is up to date (current: 1.0.70.1389, minimum: 1.0.33.319)
[2023-03-05 17:05:15.623] [DISPLAY] [10772] [gamelaunch] Grand Theft Auto V is up to date (current: 1.0.2845.0, minimum: 1.0.2060.0)
[2023-03-05 17:05:19.641] [DISPLAY] [Main ] [cloudsaveop] Cloud Save sync requested for title 'gta5'
[2023-03-05 17:05:19.658] [DISPLAY] [Main ] [cloudsaveop] Starting cloud save enabled check for title 'gta5'
[2023-03-05 17:05:19.663] [DISPLAY] [Main ] [cloudsaveop] Received cloud saves enabled state for title 'gta5' = enabled
[2023-03-05 17:05:19.663] [DISPLAY] [Main ] [cloudsaveop] Identifying potential cloud save conflicts for title 'gta5'
[2023-03-05 17:05:21.239] [DISPLAY] [Main ] [cloudsaveop] Received modification list of cloud save files for title 'gta5'
[2023-03-05 17:05:21.239] [DISPLAY] [Main ] [cloudsaveop] Retrieving conflict metadata for title 'gta5'
[2023-03-05 17:05:21.256] [DISPLAY] [Main ] [cloudsaveop] Downloaded conflict metadata for title 'gta5'
[2023-03-05 17:05:21.256] [DISPLAY] [Main ] [cloudsaveop] Posting updated files for title 'gta5'
[2023-03-05 17:05:21.274] [DISPLAY] [Main ] [cloudsaveop] File uploading completed for title 'gta5'
[2023-03-05 17:05:21.274] [DISPLAY] [Main ] [cloudsaveop] Getting update files for title 'gta5'
[2023-03-05 17:05:21.291] [DISPLAY] [Main ] [cloudsaveop] File downloading completed for title 'gta5'
[2023-03-05 17:05:21.291] [DISPLAY] [Main ] [cloudsaveop] Deleting updated files for title 'gta5'
[2023-03-05 17:05:21.308] [DISPLAY] [Main ] [cloudsaveop] Files deletion completed for title 'gta5'
[2023-03-05 17:05:21.308] [DISPLAY] [Main ] [cloudsaveop] Swapping updated files in place for title 'gta5'
[2023-03-05 17:05:21.327] [DISPLAY] [Main ] [cloudsaveop] Finished syncing cloud saves for title 'gta5'
[2023-03-05 17:05:21.525] [DISPLAY] [net2 ] [audio] Valid Audio Device: true
[2023-03-05 17:05:24.080] [DISPLAY] [10772] [gamelaunch] Launching game...
[2023-03-05 17:05:24.080] [DISPLAY] [10772] [gamelaunch]  Path: C:\Program Files (x86)\Steam\steamapps\common\Grand Theft Auto V\GTA5.exe
[2023-03-05 17:05:24.080] [DISPLAY] [10772] [gamelaunch]  Command Line: "C:\Program Files (x86)\Steam\steamapps\common\Grand Theft Auto V\GTA5.exe" -skipPatcherCheck @args.txt @commandline.txt -enableCrashpad -useSteam -steamAppId=271590 -scCommerceProvider=4 -scUseFQDNAvatars
[2023-03-05 17:05:24.080] [DISPLAY] [10772] [gamelaunch]  Working Directory: C:\Program Files (x86)\Steam\steamapps\common\Grand Theft Auto V
[2023-03-05 17:21:46.299] [DISPLAY] [Admin] [titlemanager] Downloading title list...
[2023-03-05 17:21:46.300] [DISPLAY] [Admin] [titlemanager] Skipping title metadata download as it is available and less old (49 minutes) than the refresh delay (60 minutes).
[2023-03-05 17:21:46.300] [DISPLAY] [Admin] [titlemanager] Downloading title list (SCS)...
[2023-03-05 17:21:48.434] [DISPLAY] [Admin] [titlemanager] Title list updated.
[2023-03-05 17:40:00.082] [DISPLAY] [10772] [gamelaunch] Game exited with code 0x0 (0)
[2023-03-05 17:40:00.082] [DISPLAY] [10772] [crashdetection] Game left no exit file.
[2023-03-05 17:40:00.082] [DISPLAY] [10772] [crashdetection] Exit code 0x0 indicates a clean game shutdown
[2023-03-05 17:40:00.096] [DISPLAY] [Main ] [cloudsaveop] Cloud Save sync requested for title 'gta5'
[2023-03-05 17:40:00.128] [DISPLAY] [Main ] [cloudsaveop] Starting cloud save enabled check for title 'gta5'
[2023-03-05 17:40:00.131] [DISPLAY] [Main ] [cloudsaveop] Received cloud saves enabled state for title 'gta5' = enabled
[2023-03-05 17:40:00.131] [DISPLAY] [Main ] [cloudsaveop] Identifying potential cloud save conflicts for title 'gta5'
[2023-03-05 17:40:02.107] [DISPLAY] [Main ] [cloudsaveop] Received modification list of cloud save files for title 'gta5'
[2023-03-05 17:40:02.107] [DISPLAY] [Main ] [cloudsaveop] Retrieving conflict metadata for title 'gta5'
[2023-03-05 17:40:02.138] [DISPLAY] [Main ] [cloudsaveop] Downloaded conflict metadata for title 'gta5'
[2023-03-05 17:40:02.138] [DISPLAY] [Main ] [cloudsaveop] Posting updated files for title 'gta5'
[2023-03-05 17:40:14.355] [DISPLAY] [Main ] [cloudsaveop] File uploading completed for title 'gta5'
[2023-03-05 17:40:14.355] [DISPLAY] [Main ] [cloudsaveop] Getting update files for title 'gta5'
[2023-03-05 17:40:14.372] [DISPLAY] [Main ] [cloudsaveop] File downloading completed for title 'gta5'
[2023-03-05 17:40:14.372] [DISPLAY] [Main ] [cloudsaveop] Deleting updated files for title 'gta5'
[2023-03-05 17:40:14.389] [DISPLAY] [Main ] [cloudsaveop] Files deletion completed for title 'gta5'
[2023-03-05 17:40:14.389] [DISPLAY] [Main ] [cloudsaveop] Swapping updated files in place for title 'gta5'
[2023-03-05 17:40:14.407] [DISPLAY] [Main ] [cloudsaveop] Finished syncing cloud saves for title 'gta5'
[2023-03-05 17:40:16.195] [DISPLAY] [10772] [launcher] Shutdown requested: false, false
[2023-03-05 17:40:16.214] [DISPLAY] [Main ] [launcher] StartShutdown - Now in progress
[2023-03-05 17:40:17.608] [DISPLAY] [Main ] [app] Application quit requested (exit code: 0)
