[2023-03-06 18:24:00.332] [DISPLAY] [Main ] [sysinfo] OS Version: Major: 10 Minor: 0 Build: 22000 Service Pack: 
[2023-03-06 18:24:00.345] [DISPLAY] [Main ] [sysinfo] DX Version from SystemInfo: 
[2023-03-06 18:24:00.346] [DISPLAY] [Main ] [sysinfo] DX Version from SystemInfo: 
[2023-03-06 18:24:00.346] [DISPLAY] [Main ] [main] Working directory: C:\Program Files\Rockstar Games\Launcher
[2023-03-06 18:24:00.367] [DISPLAY] [Main ] [minmode] Running in Steam mode
[2023-03-06 18:24:00.367] [DISPLAY] [Main ] [minmode] Steam App Id: 271590
[2023-03-06 18:24:00.367] [DISPLAY] [Main ] [minmode] Title Id: gta5
[2023-03-06 18:24:00.367] [DISPLAY] [Main ] [minmode] Location: C:\Program Files (x86)\Steam\steamapps\common\Grand Theft Auto V
[2023-03-06 18:24:00.368] [DISPLAY] [Main ] [launcher] Opening log file.
[2023-03-06 18:24:00.370] [DISPLAY] [Main ] [main] Command line: "C:\Program Files\Rockstar Games\Launcher\Launcher.exe" -skipPatcherCheck -steamAppId=271590 @args.txt
[2023-03-06 18:24:00.370] [DISPLAY] [Main ] [main] Build type: FMB
[2023-03-06 18:24:00.370] [DISPLAY] [Main ] [main] Version: 1.0.70.1389
[2023-03-06 18:24:00.370] [DISPLAY] [Main ] [main] Parameters:
[2023-03-06 18:24:00.370] [DISPLAY] [Main ] [main]     C:\Program Files\Rockstar Games\Launcher\Launcher.exe
[2023-03-06 18:24:00.370] [DISPLAY] [Main ] [main]     -skipPatcherCheck
[2023-03-06 18:24:00.370] [DISPLAY] [Main ] [main]     -steamAppId=271590
[2023-03-06 18:24:00.370] [DISPLAY] [Main ] [main]     @args.txt
[2023-03-06 18:24:00.401] [DISPLAY] [Main ] [titlemanager] Installed titles:
[2023-03-06 18:24:00.401] [DISPLAY] [Main ] [titlemanager]  Title                             Progress               Version              Location                                                    
[2023-03-06 18:24:00.571] [DISPLAY] [Main ] [svc] Service version: 1.0.70.1389 (1.0.70.1389)
[2023-03-06 18:24:00.691] [DISPLAY] [Main ] [fileutils] Version: 2.1.6.7 | 1.0.70.1389 | FFP
[2023-03-06 18:24:00.717] [DISPLAY] [Workr] [selfupdate] Up-to-date.
[2023-03-06 18:24:00.843] [DISPLAY] [Main ] [systemtray] System tray: enabled
[2023-03-06 18:24:01.041] [DISPLAY] [bgsvc] [svc] Received response from service.
[2023-03-06 18:24:01.079] [DISPLAY] [Workr] [idownloader] Starting download of 'https://gamedownloads-rockstargames-com.akamaized.net/public/launcher_online_config.xml'
[2023-03-06 18:24:01.422] [DISPLAY] [Workr] [idownloader] Completed download of 'https://gamedownloads-rockstargames-com.akamaized.net/public/launcher_online_config.xml' (status: 0/200)
[2023-03-06 18:24:01.422] [DISPLAY] [Workr] [titlemanager] Downloading title list...
[2023-03-06 18:24:01.435] [DISPLAY] [Workr] [idownloader] Starting download of 'https://gamedownloads-rockstargames-com.akamaized.net/public/title_metadata.json'
[2023-03-06 18:24:01.650] [DISPLAY] [Workr] [idownloader] Completed download of 'https://gamedownloads-rockstargames-com.akamaized.net/public/title_metadata.json' (status: 0/200)
[2023-03-06 18:24:01.721] [DISPLAY] [Workr] [titlemanager] Downloading default title list (SCS)...
[2023-03-06 18:24:01.721] [DISPLAY] [Workr] [idownloader] Starting download of 'https://rgl-prod.ros.rockstargames.com/launcher/11/LauncherServices/App.asmx/GetDefaultApps?accessToken='
[2023-03-06 18:24:03.636] [DISPLAY] [Workr] [idownloader] Completed download of 'https://rgl-prod.ros.rockstargames.com/launcher/11/LauncherServices/App.asmx/GetDefaultApps?accessToken=' (status: 0/200)
[2023-03-06 18:24:03.636] [DISPLAY] [Workr] [titlemanager] Title list updated.
[2023-03-06 18:24:03.636] [DISPLAY] [Workr] [launcher] Checking for self-update...
[2023-03-06 18:24:03.646] [DISPLAY] [Workr] [statuschecker] Title Rockstar Games Launcher: No update
[2023-03-06 18:24:03.652] [DISPLAY] [Workr] [launcher] No self-update, continuing.
[2023-03-06 18:24:03.652] [DISPLAY] [Workr] [launcher] Checking for prerequisite updates...
[2023-03-06 18:24:03.703] [DISPLAY] [Workr] [preqmanager] The Social Club version available matches that currently installed (both: 2.1.6.7)
[2023-03-06 18:24:03.703] [DISPLAY] [Workr] [titleupdater] No prerequisites to install.
[2023-03-06 18:24:06.040] [DISPLAY] [Main ] [launcher] Social Club UI has started.
[2023-03-06 18:24:06.041] [DISPLAY] [Main ] [external] Notifying Social Club UI about external launch...
[2023-03-06 18:24:06.041] [DISPLAY] [Admin] [external] Setting up Steam title...
[2023-03-06 18:24:06.041] [DISPLAY] [Admin] [titlemanager] Skipping title metadata download as it is available and less old (0 minutes) than the refresh delay (60 minutes).
[2023-03-06 18:24:06.041] [DISPLAY] [Admin] [external] Ready to attempt a launch.
[2023-03-06 18:24:09.543] [DISPLAY] [Main ] [launcher] Presence Event - Signed In
[2023-03-06 18:24:09.543] [DISPLAY] [Main ] [launcher] User 'HABIBULL4H' is now signed in
[2023-03-06 18:24:09.576] [DISPLAY] [Main ] [launcher] Presence Event :: Went Online
[2023-03-06 18:24:09.576] [DISPLAY] [Main ] [external] Preparing to update/launch...
[2023-03-06 18:24:09.577] [DISPLAY] [Admin] [titlemanager] Downloading title list...
[2023-03-06 18:24:09.577] [DISPLAY] [Admin] [titlemanager] Skipping title metadata download as it is available and less old (0 minutes) than the refresh delay (60 minutes).
[2023-03-06 18:24:09.577] [DISPLAY] [Admin] [titlemanager] Downloading title list (SCS)...
[2023-03-06 18:24:09.577] [DISPLAY] [Main ] [launcher] Time to start up: 9347 ms
[2023-03-06 18:24:09.587] [DISPLAY] [Main ] [ui_mainwindow] Using DPI 192,192
[2023-03-06 18:24:09.587] [DISPLAY] [Main ] [ui_mainwindow] Using UI Scale: 2.00
[2023-03-06 18:24:09.588] [DISPLAY] [Main ] [ui_mainwindow] Using saved geometry: 0,0 (2048 x 1200)
[2023-03-06 18:24:09.597] [DISPLAY] [Main ] [systemtray] System tray: enabled
[2023-03-06 18:24:09.626] [DISPLAY] [Main ] [scuicallbacks] Enabling Downloading
[2023-03-06 18:24:09.747] [DISPLAY] [Main ] [launcher] Friend Event - Friends are Available
[2023-03-06 18:24:10.147] [DISPLAY] [Main ] [scuicallbacks] Setting updated
[2023-03-06 18:24:10.147] [DISPLAY] [Main ] [scuicallbacks] Launch requested
[2023-03-06 18:24:10.147] [DISPLAY] [Main ] [scuicallbacks] Launch requested by user: gta5, 
[2023-03-06 18:24:10.147] [DISPLAY] [Main ] [external] Attempting external title launch...
[2023-03-06 18:24:12.224] [DISPLAY] [Admin] [titlemanager] Title list updated.
[2023-03-06 18:24:12.226] [DISPLAY] [Admin] [external] Ready to attempt a launch.
[2023-03-06 18:24:12.226] [DISPLAY] [Admin] [external] Attempting Steam launch. User is 'ibnumalikalbustomi'
[2023-03-06 18:24:18.440] [DISPLAY] [17244] [gamelaunch] RGL is up to date (current: 1.0.70.1389, minimum: 1.0.33.319)
[2023-03-06 18:24:18.441] [DISPLAY] [17244] [gamelaunch] Grand Theft Auto V is up to date (current: 1.0.2845.0, minimum: 1.0.2060.0)
[2023-03-06 18:24:22.242] [DISPLAY] [Main ] [cloudsaveop] Cloud Save sync requested for title 'gta5'
[2023-03-06 18:24:22.259] [DISPLAY] [Main ] [cloudsaveop] Starting cloud save enabled check for title 'gta5'
[2023-03-06 18:24:22.261] [DISPLAY] [Main ] [cloudsaveop] Received cloud saves enabled state for title 'gta5' = enabled
[2023-03-06 18:24:22.261] [DISPLAY] [Main ] [cloudsaveop] Identifying potential cloud save conflicts for title 'gta5'
[2023-03-06 18:24:24.156] [DISPLAY] [Main ] [cloudsaveop] Received modification list of cloud save files for title 'gta5'
[2023-03-06 18:24:24.156] [DISPLAY] [Main ] [cloudsaveop] Retrieving conflict metadata for title 'gta5'
[2023-03-06 18:24:24.173] [DISPLAY] [Main ] [cloudsaveop] Downloaded conflict metadata for title 'gta5'
[2023-03-06 18:24:24.173] [DISPLAY] [Main ] [cloudsaveop] Posting updated files for title 'gta5'
[2023-03-06 18:24:24.191] [DISPLAY] [Main ] [cloudsaveop] File uploading completed for title 'gta5'
[2023-03-06 18:24:24.191] [DISPLAY] [Main ] [cloudsaveop] Getting update files for title 'gta5'
[2023-03-06 18:24:24.208] [DISPLAY] [Main ] [cloudsaveop] File downloading completed for title 'gta5'
[2023-03-06 18:24:24.208] [DISPLAY] [Main ] [cloudsaveop] Deleting updated files for title 'gta5'
[2023-03-06 18:24:24.226] [DISPLAY] [Main ] [cloudsaveop] Files deletion completed for title 'gta5'
[2023-03-06 18:24:24.226] [DISPLAY] [Main ] [cloudsaveop] Swapping updated files in place for title 'gta5'
[2023-03-06 18:24:24.244] [DISPLAY] [Main ] [cloudsaveop] Finished syncing cloud saves for title 'gta5'
[2023-03-06 18:24:25.022] [DISPLAY] [net2 ] [audio] Valid Audio Device: true
[2023-03-06 18:24:27.343] [DISPLAY] [17244] [gamelaunch] Launching game...
[2023-03-06 18:24:27.343] [DISPLAY] [17244] [gamelaunch]  Path: C:\Program Files (x86)\Steam\steamapps\common\Grand Theft Auto V\GTA5.exe
[2023-03-06 18:24:27.343] [DISPLAY] [17244] [gamelaunch]  Command Line: "C:\Program Files (x86)\Steam\steamapps\common\Grand Theft Auto V\GTA5.exe" -skipPatcherCheck @args.txt @commandline.txt -enableCrashpad -useSteam -steamAppId=271590 -scCommerceProvider=4 -scUseFQDNAvatars
[2023-03-06 18:24:27.343] [DISPLAY] [17244] [gamelaunch]  Working Directory: C:\Program Files (x86)\Steam\steamapps\common\Grand Theft Auto V
[2023-03-06 18:27:50.698] [DISPLAY] [Main ] [sysinfo] DX Version from SystemInfo: 
[2023-03-06 18:27:50.698] [DISPLAY] [Main ] [sysinfo] DX Version from SystemInfo: 
[2023-03-06 18:27:50.698] [DISPLAY] [Main ] [sysinfo] Drive C:\ has 257.45 GB free, 475.67 GB total
[2023-03-06 18:27:50.782] [DISPLAY] [Main ] [sysinfo] OS Version: Major: 10 Minor: 0 Build: 22000 Service Pack: 
[2023-03-06 18:27:50.785] [DISPLAY] [Main ] [sysinfo] DX Version from SystemInfo: 
[2023-03-06 18:27:50.785] [DISPLAY] [Main ] [sysinfo] DX Version from SystemInfo: 
[2023-03-06 18:27:50.785] [DISPLAY] [Main ] [sysinfo] Drive C:\ has 257.45 GB free, 475.67 GB total
[2023-03-06 18:27:50.817] [DISPLAY] [Main ] [sysinfo] OS Version: Major: 10 Minor: 0 Build: 22000 Service Pack: 
[2023-03-06 19:24:01.522] [DISPLAY] [Admin] [idownloader] Starting download of 'https://gamedownloads-rockstargames-com.akamaized.net/public/launcher_online_config.xml'
[2023-03-06 19:24:02.015] [DISPLAY] [Admin] [idownloader] Completed download of 'https://gamedownloads-rockstargames-com.akamaized.net/public/launcher_online_config.xml' (status: 0/200)
[2023-03-06 20:01:24.813] [DISPLAY] [17244] [gamelaunch] Game exited with code 0x0 (0)
[2023-03-06 20:01:24.813] [DISPLAY] [17244] [crashdetection] Game left no exit file.
[2023-03-06 20:01:24.813] [DISPLAY] [17244] [crashdetection] Exit code 0x0 indicates a clean game shutdown
[2023-03-06 20:01:24.829] [DISPLAY] [Main ] [cloudsaveop] Cloud Save sync requested for title 'gta5'
[2023-03-06 20:01:24.852] [DISPLAY] [Main ] [cloudsaveop] Starting cloud save enabled check for title 'gta5'
[2023-03-06 20:01:24.854] [DISPLAY] [Main ] [cloudsaveop] Received cloud saves enabled state for title 'gta5' = enabled
[2023-03-06 20:01:24.854] [DISPLAY] [Main ] [cloudsaveop] Title access token was missing or expired, refreshing access for title 'gta5'
[2023-03-06 20:01:24.854] [DISPLAY] [Main ] [cloudsaveop] Retrieving access token for title 'gta5' (11)
[2023-03-06 20:01:26.423] [DISPLAY] [Main ] [cloudsaveop] Identifying potential cloud save conflicts for title 'gta5'
[2023-03-06 20:01:27.824] [DISPLAY] [Main ] [cloudsaveop] Received modification list of cloud save files for title 'gta5'
[2023-03-06 20:01:27.824] [DISPLAY] [Main ] [cloudsaveop] Retrieving conflict metadata for title 'gta5'
[2023-03-06 20:01:27.841] [DISPLAY] [Main ] [cloudsaveop] Downloaded conflict metadata for title 'gta5'
[2023-03-06 20:01:27.841] [DISPLAY] [Main ] [cloudsaveop] Posting updated files for title 'gta5'
[2023-03-06 20:01:36.261] [DISPLAY] [Main ] [cloudsaveop] File uploading completed for title 'gta5'
[2023-03-06 20:01:36.261] [DISPLAY] [Main ] [cloudsaveop] Getting update files for title 'gta5'
[2023-03-06 20:01:36.278] [DISPLAY] [Main ] [cloudsaveop] File downloading completed for title 'gta5'
[2023-03-06 20:01:36.278] [DISPLAY] [Main ] [cloudsaveop] Deleting updated files for title 'gta5'
[2023-03-06 20:01:36.295] [DISPLAY] [Main ] [cloudsaveop] Files deletion completed for title 'gta5'
[2023-03-06 20:01:36.295] [DISPLAY] [Main ] [cloudsaveop] Swapping updated files in place for title 'gta5'
[2023-03-06 20:01:36.313] [DISPLAY] [Main ] [cloudsaveop] Finished syncing cloud saves for title 'gta5'
[2023-03-06 20:01:37.854] [DISPLAY] [17244] [launcher] Shutdown requested: false, false
[2023-03-06 20:01:37.874] [DISPLAY] [Main ] [launcher] StartShutdown - Now in progress
[2023-03-06 20:01:39.065] [DISPLAY] [Main ] [app] Application quit requested (exit code: 0)
