[2023-03-06 08:39:17.734] [DISPLAY] [Main ] [sysinfo] OS Version: Major: 10 Minor: 0 Build: 22000 Service Pack: 
[2023-03-06 08:39:17.746] [DISPLAY] [Main ] [sysinfo] DX Version from SystemInfo: 
[2023-03-06 08:39:17.746] [DISPLAY] [Main ] [sysinfo] DX Version from SystemInfo: 
[2023-03-06 08:39:17.746] [DISPLAY] [Main ] [main] Working directory: C:\Program Files\Rockstar Games\Launcher
[2023-03-06 08:39:17.770] [DISPLAY] [Main ] [minmode] Running in Steam mode
[2023-03-06 08:39:17.770] [DISPLAY] [Main ] [minmode] Steam App Id: 271590
[2023-03-06 08:39:17.770] [DISPLAY] [Main ] [minmode] Title Id: gta5
[2023-03-06 08:39:17.770] [DISPLAY] [Main ] [minmode] Location: C:\Program Files (x86)\Steam\steamapps\common\Grand Theft Auto V
[2023-03-06 08:39:17.771] [DISPLAY] [Main ] [launcher] Opening log file.
[2023-03-06 08:39:17.776] [DISPLAY] [Main ] [main] Command line: "C:\Program Files\Rockstar Games\Launcher\Launcher.exe" -skipPatcherCheck -steamAppId=271590 @args.txt
[2023-03-06 08:39:17.776] [DISPLAY] [Main ] [main] Build type: FMB
[2023-03-06 08:39:17.776] [DISPLAY] [Main ] [main] Version: 1.0.70.1389
[2023-03-06 08:39:17.776] [DISPLAY] [Main ] [main] Parameters:
[2023-03-06 08:39:17.776] [DISPLAY] [Main ] [main]     C:\Program Files\Rockstar Games\Launcher\Launcher.exe
[2023-03-06 08:39:17.776] [DISPLAY] [Main ] [main]     -skipPatcherCheck
[2023-03-06 08:39:17.776] [DISPLAY] [Main ] [main]     -steamAppId=271590
[2023-03-06 08:39:17.776] [DISPLAY] [Main ] [main]     @args.txt
[2023-03-06 08:39:17.799] [DISPLAY] [Main ] [titlemanager] Installed titles:
[2023-03-06 08:39:17.799] [DISPLAY] [Main ] [titlemanager]  Title                             Progress               Version              Location                                                    
[2023-03-06 08:39:17.810] [DISPLAY] [Main ] [svc] Service version: 1.0.70.1389 (1.0.70.1389)
[2023-03-06 08:39:17.910] [DISPLAY] [Main ] [fileutils] Version: 2.1.6.7 | 1.0.70.1389 | FFP
[2023-03-06 08:39:17.932] [DISPLAY] [Workr] [selfupdate] Up-to-date.
[2023-03-06 08:39:18.058] [DISPLAY] [Main ] [systemtray] System tray: enabled
[2023-03-06 08:39:18.225] [DISPLAY] [bgsvc] [svc] Received response from service.
[2023-03-06 08:39:18.271] [DISPLAY] [Workr] [idownloader] Starting download of 'https://gamedownloads-rockstargames-com.akamaized.net/public/launcher_online_config.xml'
[2023-03-06 08:39:18.455] [DISPLAY] [Workr] [idownloader] Completed download of 'https://gamedownloads-rockstargames-com.akamaized.net/public/launcher_online_config.xml' (status: 0/200)
[2023-03-06 08:39:18.455] [DISPLAY] [Workr] [titlemanager] Downloading title list...
[2023-03-06 08:39:18.455] [DISPLAY] [Workr] [titlemanager] Skipping title metadata download as it is available and less old (1 minutes) than the refresh delay (60 minutes).
[2023-03-06 08:39:18.455] [DISPLAY] [Workr] [titlemanager] Downloading default title list (SCS)...
[2023-03-06 08:39:18.455] [DISPLAY] [Workr] [idownloader] Starting download of 'https://rgl-prod.ros.rockstargames.com/launcher/11/LauncherServices/App.asmx/GetDefaultApps?accessToken='
[2023-03-06 08:39:20.015] [DISPLAY] [Workr] [idownloader] Completed download of 'https://rgl-prod.ros.rockstargames.com/launcher/11/LauncherServices/App.asmx/GetDefaultApps?accessToken=' (status: 0/200)
[2023-03-06 08:39:20.015] [DISPLAY] [Workr] [titlemanager] Title list updated.
[2023-03-06 08:39:20.016] [DISPLAY] [Workr] [launcher] Checking for self-update...
[2023-03-06 08:39:20.023] [DISPLAY] [Workr] [statuschecker] Title Rockstar Games Launcher: No update
[2023-03-06 08:39:20.028] [DISPLAY] [Workr] [launcher] No self-update, continuing.
[2023-03-06 08:39:20.028] [DISPLAY] [Workr] [launcher] Checking for prerequisite updates...
[2023-03-06 08:39:20.032] [DISPLAY] [Workr] [preqmanager] The Social Club version available matches that currently installed (both: 2.1.6.7)
[2023-03-06 08:39:20.032] [DISPLAY] [Workr] [titleupdater] No prerequisites to install.
[2023-03-06 08:39:23.957] [DISPLAY] [Main ] [launcher] Social Club UI has started.
[2023-03-06 08:39:23.958] [DISPLAY] [Main ] [external] Notifying Social Club UI about external launch...
[2023-03-06 08:39:23.958] [DISPLAY] [Admin] [external] Setting up Steam title...
[2023-03-06 08:39:23.958] [DISPLAY] [Admin] [titlemanager] Skipping title metadata download as it is available and less old (1 minutes) than the refresh delay (60 minutes).
[2023-03-06 08:39:23.958] [DISPLAY] [Admin] [external] Ready to attempt a launch.
[2023-03-06 08:39:27.221] [DISPLAY] [Main ] [launcher] Presence Event - Signed In
[2023-03-06 08:39:27.221] [DISPLAY] [Main ] [launcher] User 'HABIBULL4H' is now signed in
[2023-03-06 08:39:27.246] [DISPLAY] [Main ] [launcher] Presence Event :: Went Online
[2023-03-06 08:39:27.246] [DISPLAY] [Main ] [external] Preparing to update/launch...
[2023-03-06 08:39:27.246] [DISPLAY] [Admin] [titlemanager] Downloading title list...
[2023-03-06 08:39:27.246] [DISPLAY] [Admin] [titlemanager] Skipping title metadata download as it is available and less old (1 minutes) than the refresh delay (60 minutes).
[2023-03-06 08:39:27.246] [DISPLAY] [Admin] [titlemanager] Downloading title list (SCS)...
[2023-03-06 08:39:27.247] [DISPLAY] [Main ] [launcher] Time to start up: 9562 ms
[2023-03-06 08:39:27.254] [DISPLAY] [Main ] [ui_mainwindow] Using DPI 192,192
[2023-03-06 08:39:27.254] [DISPLAY] [Main ] [ui_mainwindow] Using UI Scale: 2.00
[2023-03-06 08:39:27.254] [DISPLAY] [Main ] [ui_mainwindow] Using saved geometry: 0,0 (1024 x 600)
[2023-03-06 08:39:27.266] [DISPLAY] [Main ] [systemtray] System tray: enabled
[2023-03-06 08:39:27.281] [DISPLAY] [Main ] [scuicallbacks] Enabling Downloading
[2023-03-06 08:39:27.365] [DISPLAY] [Main ] [launcher] Friend Event - Friends are Available
[2023-03-06 08:39:27.757] [DISPLAY] [Main ] [scuicallbacks] Setting updated
[2023-03-06 08:39:27.757] [DISPLAY] [Main ] [scuicallbacks] Launch requested
[2023-03-06 08:39:27.757] [DISPLAY] [Main ] [scuicallbacks] Launch requested by user: gta5, 
[2023-03-06 08:39:27.757] [DISPLAY] [Main ] [external] Attempting external title launch...
[2023-03-06 08:39:29.053] [DISPLAY] [Admin] [titlemanager] Title list updated.
[2023-03-06 08:39:29.055] [DISPLAY] [Admin] [external] Ready to attempt a launch.
[2023-03-06 08:39:29.055] [DISPLAY] [Admin] [external] Attempting Steam launch. User is 'ibnumalikalbustomi'
[2023-03-06 08:39:34.542] [DISPLAY] [15160] [gamelaunch] RGL is up to date (current: 1.0.70.1389, minimum: 1.0.33.319)
[2023-03-06 08:39:34.543] [DISPLAY] [15160] [gamelaunch] Grand Theft Auto V is up to date (current: 1.0.2845.0, minimum: 1.0.2060.0)
[2023-03-06 08:39:38.401] [DISPLAY] [Main ] [cloudsaveop] Cloud Save sync requested for title 'gta5'
[2023-03-06 08:39:38.433] [DISPLAY] [Main ] [cloudsaveop] Starting cloud save enabled check for title 'gta5'
[2023-03-06 08:39:38.438] [DISPLAY] [Main ] [cloudsaveop] Received cloud saves enabled state for title 'gta5' = enabled
[2023-03-06 08:39:38.438] [DISPLAY] [Main ] [cloudsaveop] Identifying potential cloud save conflicts for title 'gta5'
[2023-03-06 08:39:39.860] [DISPLAY] [Main ] [cloudsaveop] Received modification list of cloud save files for title 'gta5'
[2023-03-06 08:39:39.860] [DISPLAY] [Main ] [cloudsaveop] Retrieving conflict metadata for title 'gta5'
[2023-03-06 08:39:39.892] [DISPLAY] [Main ] [cloudsaveop] Downloaded conflict metadata for title 'gta5'
[2023-03-06 08:39:39.892] [DISPLAY] [Main ] [cloudsaveop] Posting updated files for title 'gta5'
[2023-03-06 08:39:49.419] [DISPLAY] [Main ] [cloudsaveop] File uploading completed for title 'gta5'
[2023-03-06 08:39:49.419] [DISPLAY] [Main ] [cloudsaveop] Getting update files for title 'gta5'
[2023-03-06 08:39:49.449] [DISPLAY] [Main ] [cloudsaveop] File downloading completed for title 'gta5'
[2023-03-06 08:39:49.449] [DISPLAY] [Main ] [cloudsaveop] Deleting updated files for title 'gta5'
[2023-03-06 08:39:49.480] [DISPLAY] [Main ] [cloudsaveop] Files deletion completed for title 'gta5'
[2023-03-06 08:39:49.480] [DISPLAY] [Main ] [cloudsaveop] Swapping updated files in place for title 'gta5'
[2023-03-06 08:39:49.512] [DISPLAY] [Main ] [cloudsaveop] Finished syncing cloud saves for title 'gta5'
[2023-03-06 08:39:50.433] [DISPLAY] [net1 ] [audio] Valid Audio Device: true
[2023-03-06 08:39:52.668] [DISPLAY] [15160] [gamelaunch] Launching game...
[2023-03-06 08:39:52.668] [DISPLAY] [15160] [gamelaunch]  Path: C:\Program Files (x86)\Steam\steamapps\common\Grand Theft Auto V\GTA5.exe
[2023-03-06 08:39:52.668] [DISPLAY] [15160] [gamelaunch]  Command Line: "C:\Program Files (x86)\Steam\steamapps\common\Grand Theft Auto V\GTA5.exe" -skipPatcherCheck @args.txt @commandline.txt -enableCrashpad -useSteam -steamAppId=271590 -scCommerceProvider=4 -scUseFQDNAvatars
[2023-03-06 08:39:52.668] [DISPLAY] [15160] [gamelaunch]  Working Directory: C:\Program Files (x86)\Steam\steamapps\common\Grand Theft Auto V
[2023-03-06 08:42:56.999] [DISPLAY] [15160] [gamelaunch] Game exited with code 0x1 (1)
[2023-03-06 08:42:57.000] [DISPLAY] [15160] [crashdetection] Game left no exit file.
[2023-03-06 08:42:57.000] [ ERROR ] [15160] [crashdetection] Exit code 0x1 indicates an unexpected game termination
[2023-03-06 08:42:57.089] [DISPLAY] [Main ] [cloudsaveop] Cloud Save sync requested for title 'gta5'
[2023-03-06 08:42:57.106] [DISPLAY] [Main ] [cloudsaveop] Starting cloud save enabled check for title 'gta5'
[2023-03-06 08:42:57.109] [DISPLAY] [Main ] [cloudsaveop] Received cloud saves enabled state for title 'gta5' = enabled
[2023-03-06 08:42:57.109] [DISPLAY] [Main ] [cloudsaveop] Identifying potential cloud save conflicts for title 'gta5'
[2023-03-06 08:42:58.529] [DISPLAY] [Main ] [cloudsaveop] Received modification list of cloud save files for title 'gta5'
[2023-03-06 08:42:58.529] [DISPLAY] [Main ] [cloudsaveop] Retrieving conflict metadata for title 'gta5'
[2023-03-06 08:42:58.546] [DISPLAY] [Main ] [cloudsaveop] Downloaded conflict metadata for title 'gta5'
[2023-03-06 08:42:58.546] [DISPLAY] [Main ] [cloudsaveop] Posting updated files for title 'gta5'
[2023-03-06 08:42:58.563] [DISPLAY] [Main ] [cloudsaveop] File uploading completed for title 'gta5'
[2023-03-06 08:42:58.563] [DISPLAY] [Main ] [cloudsaveop] Getting update files for title 'gta5'
[2023-03-06 08:42:58.581] [DISPLAY] [Main ] [cloudsaveop] File downloading completed for title 'gta5'
[2023-03-06 08:42:58.581] [DISPLAY] [Main ] [cloudsaveop] Deleting updated files for title 'gta5'
[2023-03-06 08:42:58.597] [DISPLAY] [Main ] [cloudsaveop] Files deletion completed for title 'gta5'
[2023-03-06 08:42:58.597] [DISPLAY] [Main ] [cloudsaveop] Swapping updated files in place for title 'gta5'
[2023-03-06 08:42:58.615] [DISPLAY] [Main ] [cloudsaveop] Finished syncing cloud saves for title 'gta5'
[2023-03-06 08:43:00.042] [DISPLAY] [15160] [launcher] Shutdown requested: false, false
[2023-03-06 08:43:00.060] [DISPLAY] [Main ] [launcher] StartShutdown - Now in progress
[2023-03-06 08:43:01.168] [DISPLAY] [Main ] [app] Application quit requested (exit code: 0)
