[2023-03-05 18:39:21.336] [DISPLAY] [Main ] [sysinfo] OS Version: Major: 10 Minor: 0 Build: 22000 Service Pack: 
[2023-03-05 18:39:21.348] [DISPLAY] [Main ] [sysinfo] DX Version from SystemInfo: 
[2023-03-05 18:39:21.348] [DISPLAY] [Main ] [sysinfo] DX Version from SystemInfo: 
[2023-03-05 18:39:21.348] [DISPLAY] [Main ] [main] Working directory: C:\Program Files\Rockstar Games\Launcher
[2023-03-05 18:39:21.364] [DISPLAY] [Main ] [minmode] Running in Steam mode
[2023-03-05 18:39:21.364] [DISPLAY] [Main ] [minmode] Steam App Id: 271590
[2023-03-05 18:39:21.364] [DISPLAY] [Main ] [minmode] Title Id: gta5
[2023-03-05 18:39:21.364] [DISPLAY] [Main ] [minmode] Location: C:\Program Files (x86)\Steam\steamapps\common\Grand Theft Auto V
[2023-03-05 18:39:21.364] [DISPLAY] [Main ] [launcher] Opening log file.
[2023-03-05 18:39:21.368] [DISPLAY] [Main ] [main] Command line: "C:\Program Files\Rockstar Games\Launcher\Launcher.exe" -skipPatcherCheck -steamAppId=271590 @args.txt
[2023-03-05 18:39:21.368] [DISPLAY] [Main ] [main] Build type: FMB
[2023-03-05 18:39:21.368] [DISPLAY] [Main ] [main] Version: 1.0.70.1389
[2023-03-05 18:39:21.368] [DISPLAY] [Main ] [main] Parameters:
[2023-03-05 18:39:21.368] [DISPLAY] [Main ] [main]     C:\Program Files\Rockstar Games\Launcher\Launcher.exe
[2023-03-05 18:39:21.368] [DISPLAY] [Main ] [main]     -skipPatcherCheck
[2023-03-05 18:39:21.368] [DISPLAY] [Main ] [main]     -steamAppId=271590
[2023-03-05 18:39:21.368] [DISPLAY] [Main ] [main]     @args.txt
[2023-03-05 18:39:21.387] [DISPLAY] [Main ] [titlemanager] Installed titles:
[2023-03-05 18:39:21.387] [DISPLAY] [Main ] [titlemanager]  Title                             Progress               Version              Location                                                    
[2023-03-05 18:39:21.398] [DISPLAY] [Main ] [svc] Service version: 1.0.70.1389 (1.0.70.1389)
[2023-03-05 18:39:21.514] [DISPLAY] [Main ] [fileutils] Version: 2.1.6.7 | 1.0.70.1389 | FFP
[2023-03-05 18:39:21.532] [DISPLAY] [Workr] [selfupdate] Up-to-date.
[2023-03-05 18:39:21.643] [DISPLAY] [Main ] [systemtray] System tray: enabled
[2023-03-05 18:39:21.814] [DISPLAY] [bgsvc] [svc] Received response from service.
[2023-03-05 18:39:21.838] [DISPLAY] [Workr] [idownloader] Starting download of 'https://gamedownloads-rockstargames-com.akamaized.net/public/launcher_online_config.xml'
[2023-03-05 18:39:22.148] [DISPLAY] [Workr] [idownloader] Completed download of 'https://gamedownloads-rockstargames-com.akamaized.net/public/launcher_online_config.xml' (status: 0/200)
[2023-03-05 18:39:22.148] [DISPLAY] [Workr] [titlemanager] Downloading title list...
[2023-03-05 18:39:22.148] [DISPLAY] [Workr] [titlemanager] Skipping title metadata download as it is available and less old (0 minutes) than the refresh delay (60 minutes).
[2023-03-05 18:39:22.148] [DISPLAY] [Workr] [titlemanager] Downloading default title list (SCS)...
[2023-03-05 18:39:22.148] [DISPLAY] [Workr] [idownloader] Starting download of 'https://rgl-prod.ros.rockstargames.com/launcher/11/LauncherServices/App.asmx/GetDefaultApps?accessToken='
[2023-03-05 18:39:24.091] [DISPLAY] [Workr] [idownloader] Completed download of 'https://rgl-prod.ros.rockstargames.com/launcher/11/LauncherServices/App.asmx/GetDefaultApps?accessToken=' (status: 0/200)
[2023-03-05 18:39:24.091] [DISPLAY] [Workr] [titlemanager] Title list updated.
[2023-03-05 18:39:24.092] [DISPLAY] [Workr] [launcher] Checking for self-update...
[2023-03-05 18:39:24.101] [DISPLAY] [Workr] [statuschecker] Title Rockstar Games Launcher: No update
[2023-03-05 18:39:24.106] [DISPLAY] [Workr] [launcher] No self-update, continuing.
[2023-03-05 18:39:24.106] [DISPLAY] [Workr] [launcher] Checking for prerequisite updates...
[2023-03-05 18:39:24.109] [DISPLAY] [Workr] [preqmanager] The Social Club version available matches that currently installed (both: 2.1.6.7)
[2023-03-05 18:39:24.109] [DISPLAY] [Workr] [titleupdater] No prerequisites to install.
[2023-03-05 18:39:25.887] [DISPLAY] [Main ] [launcher] Social Club UI has started.
[2023-03-05 18:39:25.888] [DISPLAY] [Main ] [external] Notifying Social Club UI about external launch...
[2023-03-05 18:39:25.888] [DISPLAY] [Admin] [external] Setting up Steam title...
[2023-03-05 18:39:25.889] [DISPLAY] [Admin] [titlemanager] Skipping title metadata download as it is available and less old (0 minutes) than the refresh delay (60 minutes).
[2023-03-05 18:39:25.889] [DISPLAY] [Admin] [external] Ready to attempt a launch.
[2023-03-05 18:39:28.898] [DISPLAY] [Main ] [launcher] Presence Event - Signed In
[2023-03-05 18:39:28.898] [DISPLAY] [Main ] [launcher] User 'HABIBULL4H' is now signed in
[2023-03-05 18:39:28.922] [DISPLAY] [Main ] [launcher] Presence Event :: Went Online
[2023-03-05 18:39:28.922] [DISPLAY] [Main ] [external] Preparing to update/launch...
[2023-03-05 18:39:28.922] [DISPLAY] [Admin] [titlemanager] Downloading title list...
[2023-03-05 18:39:28.922] [DISPLAY] [Admin] [titlemanager] Skipping title metadata download as it is available and less old (0 minutes) than the refresh delay (60 minutes).
[2023-03-05 18:39:28.922] [DISPLAY] [Admin] [titlemanager] Downloading title list (SCS)...
[2023-03-05 18:39:28.923] [DISPLAY] [Main ] [launcher] Time to start up: 7632 ms
[2023-03-05 18:39:28.932] [DISPLAY] [Main ] [ui_mainwindow] Using DPI 192,192
[2023-03-05 18:39:28.932] [DISPLAY] [Main ] [ui_mainwindow] Using UI Scale: 2.00
[2023-03-05 18:39:28.933] [DISPLAY] [Main ] [ui_mainwindow] Using saved geometry: 215,382 (2560 x 1200)
[2023-03-05 18:39:28.955] [DISPLAY] [Main ] [systemtray] System tray: enabled
[2023-03-05 18:39:28.971] [DISPLAY] [Main ] [scuicallbacks] Enabling Downloading
[2023-03-05 18:39:29.057] [DISPLAY] [Main ] [launcher] Friend Event - Friends are Available
[2023-03-05 18:39:29.432] [DISPLAY] [Main ] [scuicallbacks] Setting updated
[2023-03-05 18:39:29.432] [DISPLAY] [Main ] [scuicallbacks] Launch requested
[2023-03-05 18:39:29.432] [DISPLAY] [Main ] [scuicallbacks] Launch requested by user: gta5, 
[2023-03-05 18:39:29.432] [DISPLAY] [Main ] [external] Attempting external title launch...
[2023-03-05 18:39:31.191] [DISPLAY] [Admin] [titlemanager] Title list updated.
[2023-03-05 18:39:31.193] [DISPLAY] [Admin] [external] Ready to attempt a launch.
[2023-03-05 18:39:31.193] [DISPLAY] [Admin] [external] Attempting Steam launch. User is 'ibnumalikalbustomi'
[2023-03-05 18:39:36.764] [DISPLAY] [14680] [gamelaunch] RGL is up to date (current: 1.0.70.1389, minimum: 1.0.33.319)
[2023-03-05 18:39:36.767] [DISPLAY] [14680] [gamelaunch] Grand Theft Auto V is up to date (current: 1.0.2845.0, minimum: 1.0.2060.0)
[2023-03-05 18:39:40.847] [DISPLAY] [Main ] [cloudsaveop] Cloud Save sync requested for title 'gta5'
[2023-03-05 18:39:40.864] [DISPLAY] [Main ] [cloudsaveop] Starting cloud save enabled check for title 'gta5'
[2023-03-05 18:39:40.867] [DISPLAY] [Main ] [cloudsaveop] Received cloud saves enabled state for title 'gta5' = enabled
[2023-03-05 18:39:40.867] [DISPLAY] [Main ] [cloudsaveop] Identifying potential cloud save conflicts for title 'gta5'
[2023-03-05 18:39:42.954] [DISPLAY] [Main ] [cloudsaveop] Received modification list of cloud save files for title 'gta5'
[2023-03-05 18:39:42.954] [DISPLAY] [Main ] [cloudsaveop] Retrieving conflict metadata for title 'gta5'
[2023-03-05 18:39:42.971] [DISPLAY] [Main ] [cloudsaveop] Downloaded conflict metadata for title 'gta5'
[2023-03-05 18:39:42.971] [DISPLAY] [Main ] [cloudsaveop] Posting updated files for title 'gta5'
[2023-03-05 18:39:42.988] [DISPLAY] [Main ] [cloudsaveop] File uploading completed for title 'gta5'
[2023-03-05 18:39:42.988] [DISPLAY] [Main ] [cloudsaveop] Getting update files for title 'gta5'
[2023-03-05 18:39:43.005] [DISPLAY] [Main ] [cloudsaveop] File downloading completed for title 'gta5'
[2023-03-05 18:39:43.005] [DISPLAY] [Main ] [cloudsaveop] Deleting updated files for title 'gta5'
[2023-03-05 18:39:43.022] [DISPLAY] [Main ] [cloudsaveop] Files deletion completed for title 'gta5'
[2023-03-05 18:39:43.022] [DISPLAY] [Main ] [cloudsaveop] Swapping updated files in place for title 'gta5'
[2023-03-05 18:39:43.040] [DISPLAY] [Main ] [cloudsaveop] Finished syncing cloud saves for title 'gta5'
[2023-03-05 18:39:43.890] [DISPLAY] [net4 ] [audio] Valid Audio Device: true
[2023-03-05 18:39:46.280] [DISPLAY] [14680] [gamelaunch] Launching game...
[2023-03-05 18:39:46.280] [DISPLAY] [14680] [gamelaunch]  Path: C:\Program Files (x86)\Steam\steamapps\common\Grand Theft Auto V\GTA5.exe
[2023-03-05 18:39:46.280] [DISPLAY] [14680] [gamelaunch]  Command Line: "C:\Program Files (x86)\Steam\steamapps\common\Grand Theft Auto V\GTA5.exe" -skipPatcherCheck @args.txt @commandline.txt -enableCrashpad -useSteam -steamAppId=271590 -scCommerceProvider=4 -scUseFQDNAvatars
[2023-03-05 18:39:46.280] [DISPLAY] [14680] [gamelaunch]  Working Directory: C:\Program Files (x86)\Steam\steamapps\common\Grand Theft Auto V
[2023-03-05 19:39:22.237] [DISPLAY] [Admin] [idownloader] Starting download of 'https://gamedownloads-rockstargames-com.akamaized.net/public/launcher_online_config.xml'
[2023-03-05 19:39:23.065] [DISPLAY] [Admin] [idownloader] Completed download of 'https://gamedownloads-rockstargames-com.akamaized.net/public/launcher_online_config.xml' (status: 0/200)
[2023-03-05 20:39:23.137] [DISPLAY] [Admin] [idownloader] Starting download of 'https://gamedownloads-rockstargames-com.akamaized.net/public/launcher_online_config.xml'
[2023-03-05 20:39:23.782] [DISPLAY] [Admin] [idownloader] Completed download of 'https://gamedownloads-rockstargames-com.akamaized.net/public/launcher_online_config.xml' (status: 0/200)
[2023-03-05 21:09:55.053] [DISPLAY] [14680] [gamelaunch] Game exited with code 0x0 (0)
[2023-03-05 21:09:55.054] [DISPLAY] [14680] [crashdetection] Game left no exit file.
[2023-03-05 21:09:55.054] [DISPLAY] [14680] [crashdetection] Exit code 0x0 indicates a clean game shutdown
[2023-03-05 21:09:55.146] [DISPLAY] [Main ] [cloudsaveop] Cloud Save sync requested for title 'gta5'
[2023-03-05 21:09:55.162] [DISPLAY] [Main ] [cloudsaveop] Starting cloud save enabled check for title 'gta5'
[2023-03-05 21:09:55.165] [DISPLAY] [Main ] [cloudsaveop] Received cloud saves enabled state for title 'gta5' = enabled
[2023-03-05 21:09:55.165] [DISPLAY] [Main ] [cloudsaveop] Title access token was missing or expired, refreshing access for title 'gta5'
[2023-03-05 21:09:55.165] [DISPLAY] [Main ] [cloudsaveop] Retrieving access token for title 'gta5' (11)
[2023-03-05 21:09:57.014] [DISPLAY] [Main ] [cloudsaveop] Identifying potential cloud save conflicts for title 'gta5'
[2023-03-05 21:09:58.713] [DISPLAY] [Main ] [cloudsaveop] Received modification list of cloud save files for title 'gta5'
[2023-03-05 21:09:58.713] [DISPLAY] [Main ] [cloudsaveop] Retrieving conflict metadata for title 'gta5'
[2023-03-05 21:09:58.730] [DISPLAY] [Main ] [cloudsaveop] Downloaded conflict metadata for title 'gta5'
[2023-03-05 21:09:58.730] [DISPLAY] [Main ] [cloudsaveop] Posting updated files for title 'gta5'
